
Thu Oct 15 05:07:10 PDT 2015 -- dal1
/Monitoring/openstack/grafana-1.7.0/quotastatus/scripts/dal1-mon-refresh.rb
Thu Oct 15 05:07:30 PDT 2015 -- dal2
/Monitoring/openstack/grafana-1.7.0/quotastatus/scripts/dal2-mon-refresh.rb
Thu Oct 15 05:07:50 PDT 2015 -- dal3
/Monitoring/openstack/grafana-1.7.0/quotastatus/scripts/dal3-mon-refresh.rb
Thu Oct 15 05:08:10 PDT 2015 -- dal4
/Monitoring/openstack/grafana-1.7.0/quotastatus/scripts/dal4-mon-refresh.rb
Thu Oct 15 05:08:30 PDT 2015 -- dalstg2
/Monitoring/openstack/grafana-1.7.0/quotastatus/scripts/dalstg2-mon-refresh.rb
Thu Oct 15 05:09:23 PDT 2015 -- dfw1
/Monitoring/openstack/grafana-1.7.0/quotastatus/scripts/dfw1-mon-refresh.rb
Thu Oct 15 05:09:42 PDT 2015 -- dfw2
/Monitoring/openstack/grafana-1.7.0/quotastatus/scripts/dfw2-mon-refresh.rb
Thu Oct 15 05:10:01 PDT 2015 -- dfw3
/Monitoring/openstack/grafana-1.7.0/quotastatus/scripts/dfw3-mon-refresh.rb
Thu Oct 15 05:10:21 PDT 2015 -- dfw4
/Monitoring/openstack/grafana-1.7.0/quotastatus/scripts/dfw4-mon-refresh.rb
Thu Oct 15 05:10:41 PDT 2015 -- dfwstg2
/Monitoring/openstack/grafana-1.7.0/quotastatus/scripts/dfwstg2-mon-refresh.rb
Thu Oct 15 05:37:14 PDT 2015 -- dalstg2
/Monitoring/openstack/grafana-1.7.0/quotastatus/scripts/dalstg2-mon-refresh.rb
Thu Oct 15 05:39:32 PDT 2015 -- dfwstg2
/Monitoring/openstack/grafana-1.7.0/quotastatus/scripts/dfwstg2-mon-refresh.rb
Thu Oct 15 05:49:27 PDT 2015 -- dal1
/Monitoring/openstack/grafana-1.7.0/quotastatus/scripts/dal1-mon-refresh.rb
Thu Oct 15 05:49:47 PDT 2015 -- dal2
/Monitoring/openstack/grafana-1.7.0/quotastatus/scripts/dal2-mon-refresh.rb
Thu Oct 15 05:50:07 PDT 2015 -- dal3
/Monitoring/openstack/grafana-1.7.0/quotastatus/scripts/dal3-mon-refresh.rb
Thu Oct 15 05:50:27 PDT 2015 -- dal4
/Monitoring/openstack/grafana-1.7.0/quotastatus/scripts/dal4-mon-refresh.rb
Thu Oct 15 05:50:48 PDT 2015 -- dalstg2
/Monitoring/openstack/grafana-1.7.0/quotastatus/scripts/dalstg2-mon-refresh.rb
Thu Oct 15 05:54:59 PDT 2015 -- dfw1
/Monitoring/openstack/grafana-1.7.0/quotastatus/scripts/dfw1-mon-refresh.rb
Thu Oct 15 05:55:18 PDT 2015 -- dfw2
/Monitoring/openstack/grafana-1.7.0/quotastatus/scripts/dfw2-mon-refresh.rb
Thu Oct 15 05:55:37 PDT 2015 -- dfw3
/Monitoring/openstack/grafana-1.7.0/quotastatus/scripts/dfw3-mon-refresh.rb
Thu Oct 15 05:55:56 PDT 2015 -- dfw4
/Monitoring/openstack/grafana-1.7.0/quotastatus/scripts/dfw4-mon-refresh.rb
Thu Oct 15 05:56:16 PDT 2015 -- dfwstg2
/Monitoring/openstack/grafana-1.7.0/quotastatus/scripts/dfwstg2-mon-refresh.rb
Thu Oct 15 05:58:15 PDT 2015 -- dfw1
/Monitoring/openstack/grafana-1.7.0/quotastatus/scripts/dfw1-mon-refresh.rb
Thu Oct 15 05:58:18 PDT 2015 -- dfw1
/Monitoring/openstack/grafana-1.7.0/quotastatus/scripts/dfw1-mon-refresh.rb
Thu Oct 15 06:03:01 PDT 2015 -- dal1
/Monitoring/openstack/grafana-1.7.0/quotastatus/scripts/dal1-mon-refresh.rb
Fri Oct 16 12:04:25 PDT 2015 -- dfwstg2
/Monitoring/openstack/grafana-1.7.0/quotastatus/scripts/dfwstg2-mon-refresh.rb
Sat Oct 17 09:26:06 PDT 2015 -- dalstg2
/Monitoring/openstack/grafana-1.7.0/quotastatus/scripts/dalstg2-mon-refresh.rb
Sun Oct 18 23:59:10 PDT 2015 -- dal1
/Monitoring/openstack/grafana-1.7.0/quotastatus/scripts/dal1-mon-refresh.rb
Mon Oct 19 11:25:18 PDT 2015 -- dal2
/Monitoring/openstack/grafana-1.7.0/quotastatus/scripts/dal2-mon-refresh.rb
Tue Oct 20 14:32:29 PDT 2015 -- dfwstg2
/Monitoring/openstack/grafana-1.7.0/quotastatus/scripts/dfwstg2-mon-refresh.rb
Tue Oct 20 23:19:04 PDT 2015 -- dfwstg2
/Monitoring/openstack/grafana-1.7.0/quotastatus/scripts/dfwstg2-mon-refresh.rb
Mon Oct 26 01:41:48 PDT 2015 -- dal1
/Monitoring/openstack/grafana-1.7.0/quotastatus/scripts/dal1-mon-refresh.rb
Mon Oct 26 03:59:17 PDT 2015 -- dal1
/Monitoring/openstack/grafana-1.7.0/quotastatus/scripts/dal1-mon-refresh.rb
Mon Oct 26 04:22:32 PDT 2015 -- dfw4
/Monitoring/openstack/grafana-1.7.0/quotastatus/scripts/dfw4-mon-refresh.rb
Mon Oct 26 04:22:41 PDT 2015 -- dfw4
/Monitoring/openstack/grafana-1.7.0/quotastatus/scripts/dfw4-mon-refresh.rb
Wed Oct 28 06:12:43 PDT 2015 -- dfwstg2
/Monitoring/openstack/grafana-1.7.0/quotastatus/scripts/dfwstg2-mon-refresh.rb
Wed Oct 28 06:13:44 PDT 2015 -- dalstg2
/Monitoring/openstack/grafana-1.7.0/quotastatus/scripts/dalstg2-mon-refresh.rb
Wed Oct 28 13:43:45 PDT 2015 -- dal1
/Monitoring/openstack/grafana-1.7.0/quotastatus/scripts/dal1-mon-refresh.rb
Wed Oct 28 23:11:54 PDT 2015 -- dal3
/Monitoring/openstack/grafana-1.7.0/quotastatus/scripts/dal3-mon-refresh.rb
Wed Oct 28 23:11:57 PDT 2015 -- dfwstg2
/Monitoring/openstack/grafana-1.7.0/quotastatus/scripts/dfwstg2-mon-refresh.rb
Thu Oct 29 08:05:06 PDT 2015 -- dal1
/Monitoring/openstack/grafana-1.7.0/quotastatus/scripts/dal1-mon-refresh.rb
